<?xml version="1.0" encoding="UTF-8"?>
<robot generator="Robot 7.1.1 (Python 3.9.0 on win32)" generated="2024-12-12T01:16:11.470336" rpa="false" schemaversion="5">
<suite id="s1" name="Add To Cart Test" source="C:\Users\HADIL\Desktop\test website\test_robot\add_to_cart_test.robot">
<test id="s1-t1" name="Ajouter Un Produit Au Panier" line="12">
<kw name="Ouvrir Le Navigateur">
<kw name="Open Browser" owner="SeleniumLibrary">
<msg time="2024-12-12T01:16:12.137676" level="INFO">Opening browser 'chrome' to base url 'https://www.saucedemo.com/'.</msg>
<arg>${url}</arg>
<arg>${browser}</arg>
<doc>Opens a new browser instance to the optional ``url``.</doc>
<status status="PASS" start="2024-12-12T01:16:12.136677" elapsed="6.975450"/>
</kw>
<arg>${URL}</arg>
<arg>${BROWSER}</arg>
<status status="PASS" start="2024-12-12T01:16:12.135829" elapsed="6.977299"/>
</kw>
<kw name="Se Connecter">
<kw name="Input Text" owner="SeleniumLibrary">
<msg time="2024-12-12T01:16:19.118288" level="INFO">Typing text 'standard_user' into text field 'id=user-name'.</msg>
<arg>id=user-name</arg>
<arg>${username}</arg>
<doc>Types the given ``text`` into the text field identified by ``locator``.</doc>
<status status="PASS" start="2024-12-12T01:16:19.117302" elapsed="0.442647"/>
</kw>
<kw name="Input Text" owner="SeleniumLibrary">
<msg time="2024-12-12T01:16:19.561422" level="INFO">Typing text 'secret_sauce' into text field 'id=password'.</msg>
<arg>id=password</arg>
<arg>${password}</arg>
<doc>Types the given ``text`` into the text field identified by ``locator``.</doc>
<status status="PASS" start="2024-12-12T01:16:19.559949" elapsed="0.256142"/>
</kw>
<kw name="Click Button" owner="SeleniumLibrary">
<msg time="2024-12-12T01:16:19.817096" level="INFO">Clicking button 'id=login-button'.</msg>
<arg>id=login-button</arg>
<doc>Clicks the button identified by ``locator``.</doc>
<status status="PASS" start="2024-12-12T01:16:19.816091" elapsed="0.327510"/>
</kw>
<arg>${USERNAME}</arg>
<arg>${PASSWORD}</arg>
<status status="PASS" start="2024-12-12T01:16:19.116398" elapsed="1.027203"/>
</kw>
<kw name="Ajouter Le Produit Au Panier">
<kw name="Click Button" owner="SeleniumLibrary">
<msg time="2024-12-12T01:16:20.149372" level="INFO">Clicking button 'xpath=//div[text()="Sauce Labs Backpack"]/ancestor::div[@class="inventory_item"]//button[text()="Add to cart"]'.</msg>
<arg>xpath=//div[text()="${PRODUCT_NAME}"]/ancestor::div[@class="inventory_item"]//button[text()="Add to cart"]</arg>
<doc>Clicks the button identified by ``locator``.</doc>
<status status="PASS" start="2024-12-12T01:16:20.148371" elapsed="0.245393"/>
</kw>
<doc>Ce mot-clé ajoute un produit au panier</doc>
<status status="PASS" start="2024-12-12T01:16:20.147825" elapsed="0.245939"/>
</kw>
<kw name="Vérifier Le Panier">
<kw name="Click Link" owner="SeleniumLibrary">
<msg time="2024-12-12T01:16:20.396414" level="INFO">Clicking link 'class=shopping_cart_link'.</msg>
<arg>class=shopping_cart_link</arg>
<doc>Clicks a link identified by ``locator``.</doc>
<status status="PASS" start="2024-12-12T01:16:20.396414" elapsed="0.172022"/>
</kw>
<kw name="Wait Until Element Is Visible" owner="SeleniumLibrary">
<arg>class=cart_list</arg>
<doc>Waits until the element ``locator`` is visible.</doc>
<status status="PASS" start="2024-12-12T01:16:20.569434" elapsed="0.392903"/>
</kw>
<kw name="Get WebElements" owner="SeleniumLibrary">
<msg time="2024-12-12T01:16:20.981491" level="INFO">${items} = [&lt;selenium.webdriver.remote.webelement.WebElement (session="9c595a22bd83bb8ad1a39998d70ab02a", element="f.A71505239A3DA726764AFB4110F185DE.d.5E8DF7C9147641DB10BAD0C98BB81632.e.33")&gt;]</msg>
<var>${items}</var>
<arg>class=cart_item</arg>
<doc>Returns a list of WebElement objects matching the ``locator``.</doc>
<status status="PASS" start="2024-12-12T01:16:20.963403" elapsed="0.018088"/>
</kw>
<kw name="Get Length" owner="BuiltIn">
<msg time="2024-12-12T01:16:20.982529" level="INFO">Length is 1.</msg>
<msg time="2024-12-12T01:16:20.983544" level="INFO">${count} = 1</msg>
<var>${count}</var>
<arg>${items}</arg>
<doc>Returns and logs the length of the given item as an integer.</doc>
<status status="PASS" start="2024-12-12T01:16:20.982529" elapsed="0.001832"/>
</kw>
<kw name="Should Be Equal As Numbers" owner="BuiltIn">
<msg time="2024-12-12T01:16:20.985644" level="INFO">Argument types are:
&lt;class 'int'&gt;
&lt;class 'str'&gt;</msg>
<arg>${count}</arg>
<arg>1</arg>
<doc>Fails if objects are unequal after converting them to real numbers.</doc>
<status status="PASS" start="2024-12-12T01:16:20.984539" elapsed="0.001105"/>
</kw>
<doc>Ce mot-clé vérifie si le panier contient le produit ajouté</doc>
<status status="PASS" start="2024-12-12T01:16:20.395541" elapsed="0.590103"/>
</kw>
<kw name="Fermer Le Navigateur">
<kw name="Close Browser" owner="SeleniumLibrary">
<doc>Closes the current browser.</doc>
<status status="PASS" start="2024-12-12T01:16:20.988540" elapsed="2.455898"/>
</kw>
<status status="PASS" start="2024-12-12T01:16:20.987542" elapsed="2.456896"/>
</kw>
<doc>Ce test vérifie si un produit peut être ajouté au panier sur www.saucedemo.com</doc>
<status status="PASS" start="2024-12-12T01:16:12.133679" elapsed="11.313676"/>
</test>
<status status="PASS" start="2024-12-12T01:16:11.476979" elapsed="11.972376"/>
</suite>
<statistics>
<total>
<stat pass="1" fail="0" skip="0">All Tests</stat>
</total>
<tag>
</tag>
<suite>
<stat pass="1" fail="0" skip="0" id="s1" name="Add To Cart Test">Add To Cart Test</stat>
</suite>
</statistics>
<errors>
</errors>
</robot>
